<?xml version="1.0" encoding="UTF-8"?>
<coverage generated="1684490868288" clover="3.2.0">
  <project timestamp="1684490868288" name="All files">
    <metrics statements="30" coveredstatements="19" conditionals="6" coveredconditionals="4" methods="20" coveredmethods="13" elements="56" coveredelements="36" complexity="0" loc="30" ncloc="30" packages="1" files="2" classes="2"/>
    <file name="Storage.js" path="C:\Users\phelelani ndlovu\Todo-list-Testing\src\modules\Storage.js">
      <metrics statements="3" coveredstatements="3" conditionals="2" coveredconditionals="2" methods="2" coveredmethods="2"/>
      <line num="1" count="5" type="cond" truecount="2" falsecount="0"/>
      <line num="3" count="3" type="stmt"/>
      <line num="4" count="10" type="stmt"/>
    </file>
    <file name="TaskStore.js" path="C:\Users\phelelani ndlovu\Todo-list-Testing\src\modules\TaskStore.js">
      <metrics statements="27" coveredstatements="16" conditionals="4" coveredconditionals="2" methods="18" coveredmethods="11"/>
      <line num="5" count="5" type="stmt"/>
      <line num="9" count="5" type="stmt"/>
      <line num="13" count="5" type="stmt"/>
      <line num="17" count="0" type="stmt"/>
      <line num="21" count="5" type="stmt"/>
      <line num="22" count="5" type="stmt"/>
      <line num="26" count="5" type="stmt"/>
      <line num="27" count="3" type="stmt"/>
      <line num="28" count="3" type="stmt"/>
      <line num="32" count="0" type="stmt"/>
      <line num="33" count="0" type="stmt"/>
      <line num="37" count="3" type="stmt"/>
      <line num="38" count="3" type="stmt"/>
      <line num="39" count="3" type="stmt"/>
      <line num="44" count="0" type="stmt"/>
      <line num="45" count="0" type="stmt"/>
      <line num="49" count="0" type="stmt"/>
      <line num="50" count="0" type="stmt"/>
      <line num="51" count="0" type="stmt"/>
      <line num="56" count="0" type="stmt"/>
      <line num="66" count="0" type="stmt"/>
      <line num="67" count="0" type="stmt"/>
      <line num="71" count="5" type="stmt"/>
      <line num="72" count="5" type="stmt"/>
      <line num="73" count="5" type="stmt"/>
      <line num="74" count="8" type="stmt"/>
      <line num="84" count="5" type="stmt"/>
    </file>
  </project>
</coverage>
