{"C:\\Users\\phelelani ndlovu\\Todo-list-Testing\\src\\modules\\Storage.js": {"path":"C:\\Users\\phelelani ndlovu\\Todo-list-Testing\\src\\modules\\Storage.js","statementMap":{"0":{"start":{"line":1,"column":17},"end":{"line":1,"column":70}},"1":{"start":{"line":1,"column":23},"end":{"line":1,"column":70}},"2":{"start":{"line":3,"column":18},"end":{"line":5,"column":1}},"3":{"start":{"line":4,"column":2},"end":{"line":4,"column":60}}},"fnMap":{"0":{"name":"(anonymous_0)","decl":{"start":{"line":1,"column":17},"end":{"line":1,"column":18}},"loc":{"start":{"line":1,"column":23},"end":{"line":1,"column":70}},"line":1},"1":{"name":"(anonymous_1)","decl":{"start":{"line":3,"column":18},"end":{"line":3,"column":19}},"loc":{"start":{"line":3,"column":34},"end":{"line":5,"column":1}},"line":3}},"branchMap":{"0":{"loc":{"start":{"line":1,"column":23},"end":{"line":1,"column":70}},"type":"binary-expr","locations":[{"start":{"line":1,"column":23},"end":{"line":1,"column":64}},{"start":{"line":1,"column":68},"end":{"line":1,"column":70}}],"line":1}},"s":{"0":3,"1":5,"2":3,"3":10},"f":{"0":5,"1":10},"b":{"0":[5,2]},"_coverageSchema":"1a1c01bbd47fc00a2c39e90264f33305004495a9","hash":"ab2dc2521aae5a1eb8490ad32dfdfd4a91f8f99a"}
,"C:\\Users\\phelelani ndlovu\\Todo-list-Testing\\src\\modules\\TaskStore.js": {"path":"C:\\Users\\phelelani ndlovu\\Todo-list-Testing\\src\\modules\\TaskStore.js","statementMap":{"0":{"start":{"line":5,"column":4},"end":{"line":5,"column":19}},"1":{"start":{"line":9,"column":4},"end":{"line":9,"column":33}},"2":{"start":{"line":13,"column":4},"end":{"line":13,"column":34}},"3":{"start":{"line":17,"column":4},"end":{"line":17,"column":38}},"4":{"start":{"line":21,"column":4},"end":{"line":21,"column":31}},"5":{"start":{"line":22,"column":4},"end":{"line":22,"column":31}},"6":{"start":{"line":26,"column":4},"end":{"line":26,"column":93}},"7":{"start":{"line":26,"column":55},"end":{"line":26,"column":91}},"8":{"start":{"line":27,"column":4},"end":{"line":27,"column":22}},"9":{"start":{"line":28,"column":4},"end":{"line":28,"column":31}},"10":{"start":{"line":32,"column":4},"end":{"line":32,"column":60}},"11":{"start":{"line":33,"column":4},"end":{"line":33,"column":31}},"12":{"start":{"line":37,"column":4},"end":{"line":37,"column":70}},"13":{"start":{"line":37,"column":43},"end":{"line":37,"column":68}},"14":{"start":{"line":38,"column":4},"end":{"line":40,"column":7}},"15":{"start":{"line":39,"column":6},"end":{"line":39,"column":23}},"16":{"start":{"line":44,"column":4},"end":{"line":44,"column":83}},"17":{"start":{"line":45,"column":4},"end":{"line":45,"column":31}},"18":{"start":{"line":49,"column":4},"end":{"line":49,"column":73}},"19":{"start":{"line":49,"column":55},"end":{"line":49,"column":71}},"20":{"start":{"line":50,"column":4},"end":{"line":50,"column":22}},"21":{"start":{"line":51,"column":4},"end":{"line":51,"column":31}},"22":{"start":{"line":56,"column":18},"end":{"line":65,"column":5}},"23":{"start":{"line":66,"column":4},"end":{"line":66,"column":34}},"24":{"start":{"line":67,"column":4},"end":{"line":67,"column":19}},"25":{"start":{"line":71,"column":18},"end":{"line":71,"column":20}},"26":{"start":{"line":72,"column":4},"end":{"line":72,"column":70}},"27":{"start":{"line":72,"column":43},"end":{"line":72,"column":68}},"28":{"start":{"line":73,"column":4},"end":{"line":83,"column":7}},"29":{"start":{"line":74,"column":6},"end":{"line":82,"column":6}},"30":{"start":{"line":84,"column":4},"end":{"line":84,"column":19}}},"fnMap":{"0":{"name":"(anonymous_0)","decl":{"start":{"line":4,"column":2},"end":{"line":4,"column":3}},"loc":{"start":{"line":4,"column":16},"end":{"line":6,"column":3}},"line":4},"1":{"name":"(anonymous_1)","decl":{"start":{"line":8,"column":2},"end":{"line":8,"column":3}},"loc":{"start":{"line":8,"column":12},"end":{"line":10,"column":3}},"line":8},"2":{"name":"(anonymous_2)","decl":{"start":{"line":12,"column":2},"end":{"line":12,"column":3}},"loc":{"start":{"line":12,"column":11},"end":{"line":14,"column":3}},"line":12},"3":{"name":"(anonymous_3)","decl":{"start":{"line":16,"column":2},"end":{"line":16,"column":3}},"loc":{"start":{"line":16,"column":17},"end":{"line":18,"column":3}},"line":16},"4":{"name":"(anonymous_4)","decl":{"start":{"line":20,"column":2},"end":{"line":20,"column":3}},"loc":{"start":{"line":20,"column":16},"end":{"line":23,"column":3}},"line":20},"5":{"name":"(anonymous_5)","decl":{"start":{"line":25,"column":2},"end":{"line":25,"column":3}},"loc":{"start":{"line":25,"column":20},"end":{"line":29,"column":3}},"line":25},"6":{"name":"(anonymous_6)","decl":{"start":{"line":26,"column":45},"end":{"line":26,"column":46}},"loc":{"start":{"line":26,"column":55},"end":{"line":26,"column":91}},"line":26},"7":{"name":"(anonymous_7)","decl":{"start":{"line":31,"column":2},"end":{"line":31,"column":3}},"loc":{"start":{"line":31,"column":34},"end":{"line":34,"column":3}},"line":31},"8":{"name":"(anonymous_8)","decl":{"start":{"line":36,"column":2},"end":{"line":36,"column":3}},"loc":{"start":{"line":36,"column":15},"end":{"line":41,"column":3}},"line":36},"9":{"name":"(anonymous_9)","decl":{"start":{"line":37,"column":25},"end":{"line":37,"column":26}},"loc":{"start":{"line":37,"column":43},"end":{"line":37,"column":68}},"line":37},"10":{"name":"(anonymous_10)","decl":{"start":{"line":38,"column":28},"end":{"line":38,"column":29}},"loc":{"start":{"line":38,"column":43},"end":{"line":40,"column":5}},"line":38},"11":{"name":"(anonymous_11)","decl":{"start":{"line":43,"column":2},"end":{"line":43,"column":3}},"loc":{"start":{"line":43,"column":20},"end":{"line":46,"column":3}},"line":43},"12":{"name":"(anonymous_12)","decl":{"start":{"line":48,"column":2},"end":{"line":48,"column":3}},"loc":{"start":{"line":48,"column":20},"end":{"line":52,"column":3}},"line":48},"13":{"name":"(anonymous_13)","decl":{"start":{"line":49,"column":45},"end":{"line":49,"column":46}},"loc":{"start":{"line":49,"column":55},"end":{"line":49,"column":71}},"line":49},"14":{"name":"(anonymous_14)","decl":{"start":{"line":55,"column":2},"end":{"line":55,"column":3}},"loc":{"start":{"line":55,"column":11},"end":{"line":68,"column":3}},"line":55},"15":{"name":"(anonymous_15)","decl":{"start":{"line":70,"column":2},"end":{"line":70,"column":3}},"loc":{"start":{"line":70,"column":16},"end":{"line":85,"column":3}},"line":70},"16":{"name":"(anonymous_16)","decl":{"start":{"line":72,"column":25},"end":{"line":72,"column":26}},"loc":{"start":{"line":72,"column":43},"end":{"line":72,"column":68}},"line":72},"17":{"name":"(anonymous_17)","decl":{"start":{"line":73,"column":28},"end":{"line":73,"column":29}},"loc":{"start":{"line":73,"column":38},"end":{"line":83,"column":5}},"line":73}},"branchMap":{"0":{"loc":{"start":{"line":77,"column":94},"end":{"line":77,"column":126}},"type":"cond-expr","locations":[{"start":{"line":77,"column":112},"end":{"line":77,"column":121}},{"start":{"line":77,"column":124},"end":{"line":77,"column":126}}],"line":77},"1":{"loc":{"start":{"line":78,"column":33},"end":{"line":78,"column":85}},"type":"cond-expr","locations":[{"start":{"line":78,"column":50},"end":{"line":78,"column":80}},{"start":{"line":78,"column":83},"end":{"line":78,"column":85}}],"line":78}},"s":{"0":5,"1":5,"2":5,"3":0,"4":5,"5":5,"6":3,"7":5,"8":3,"9":3,"10":0,"11":0,"12":3,"13":0,"14":3,"15":3,"16":0,"17":0,"18":0,"19":0,"20":0,"21":0,"22":0,"23":0,"24":0,"25":5,"26":5,"27":4,"28":5,"29":8,"30":5},"f":{"0":5,"1":5,"2":5,"3":0,"4":5,"5":3,"6":5,"7":0,"8":3,"9":0,"10":3,"11":0,"12":0,"13":0,"14":0,"15":5,"16":4,"17":8},"b":{"0":[0,8],"1":[0,8]},"_coverageSchema":"1a1c01bbd47fc00a2c39e90264f33305004495a9","hash":"1d9b3dc536391e709c7e79c3258a62c0fd488a75"}
}
