TN:
SF:src\modules\Storage.js
FN:1,(anonymous_0)
FN:3,(anonymous_1)
FNF:2
FNH:2
FNDA:5,(anonymous_0)
FNDA:10,(anonymous_1)
DA:1,5
DA:3,3
DA:4,10
LF:3
LH:3
BRDA:1,0,0,5
BRDA:1,0,1,2
BRF:2
BRH:2
end_of_record
TN:
SF:src\modules\TaskStore.js
FN:4,(anonymous_0)
FN:8,(anonymous_1)
FN:12,(anonymous_2)
FN:16,(anonymous_3)
FN:20,(anonymous_4)
FN:25,(anonymous_5)
FN:26,(anonymous_6)
FN:31,(anonymous_7)
FN:36,(anonymous_8)
FN:37,(anonymous_9)
FN:38,(anonymous_10)
FN:43,(anonymous_11)
FN:48,(anonymous_12)
FN:49,(anonymous_13)
FN:55,(anonymous_14)
FN:70,(anonymous_15)
FN:72,(anonymous_16)
FN:73,(anonymous_17)
FNF:18
FNH:11
FNDA:5,(anonymous_0)
FNDA:5,(anonymous_1)
FNDA:5,(anonymous_2)
FNDA:0,(anonymous_3)
FNDA:5,(anonymous_4)
FNDA:3,(anonymous_5)
FNDA:5,(anonymous_6)
FNDA:0,(anonymous_7)
FNDA:3,(anonymous_8)
FNDA:0,(anonymous_9)
FNDA:3,(anonymous_10)
FNDA:0,(anonymous_11)
FNDA:0,(anonymous_12)
FNDA:0,(anonymous_13)
FNDA:0,(anonymous_14)
FNDA:5,(anonymous_15)
FNDA:4,(anonymous_16)
FNDA:8,(anonymous_17)
DA:5,5
DA:9,5
DA:13,5
DA:17,0
DA:21,5
DA:22,5
DA:26,5
DA:27,3
DA:28,3
DA:32,0
DA:33,0
DA:37,3
DA:38,3
DA:39,3
DA:44,0
DA:45,0
DA:49,0
DA:50,0
DA:51,0
DA:56,0
DA:66,0
DA:67,0
DA:71,5
DA:72,5
DA:73,5
DA:74,8
DA:84,5
LF:27
LH:16
BRDA:77,0,0,0
BRDA:77,0,1,8
BRDA:78,1,0,0
BRDA:78,1,1,8
BRF:4
BRH:2
end_of_record
